2025-01-25 03:14:55 [[33mwarn[39m]: Insufficient questions for topic solid state
2025-01-25 03:14:55 [[31merror[39m]: Error: Insufficient questions for topic solid state
    at F:\study_material\codes\__Mega_Project\02BackEnd\src\utils\cetQuestionSelector.ts:48:17
    at Generator.next (<anonymous>)
    at fulfilled (F:\study_material\codes\__Mega_Project\02BackEnd\src\utils\cetQuestionSelector.ts:5:58)
    at processTicksAndRejections (node:internal/process/task_queues:105:5)
2025-01-25 09:51:06 [[31merror[39m]: Error: Unauthorized access
    at F:\study_material\codes\__Mega_Project\02BackEnd\src\middleware\auth.middleware.ts:23:23
    at Generator.next (<anonymous>)
    at F:\study_material\codes\__Mega_Project\02BackEnd\src\middleware\auth.middleware.ts:8:71
    at new Promise (<anonymous>)
    at __awaiter (F:\study_material\codes\__Mega_Project\02BackEnd\src\middleware\auth.middleware.ts:4:12)
    at F:\study_material\codes\__Mega_Project\02BackEnd\src\middleware\auth.middleware.ts:16:90
    at F:\study_material\codes\__Mega_Project\02BackEnd\src\utils\asyncHandler.ts:7:23
    at Generator.next (<anonymous>)
    at F:\study_material\codes\__Mega_Project\02BackEnd\src\utils\asyncHandler.ts:8:71
    at new Promise (<anonymous>)
2025-02-06 01:56:23 [[33mwarn[39m]: User not found during login for email: 01atharvsankpal@gmail.com or urn: undefined
2025-02-06 01:56:58 [[32minfo[39m]: User logged in successfully
2025-02-06 02:10:14 [[33mwarn[39m]: Insufficient questions for topic solid state
2025-02-06 02:10:14 [[31merror[39m]: Error: Insufficient questions for topic solid state
    at F:\study_material\codes\__Mega_Project\02BackEnd\src\utils\cetQuestionSelector.ts:48:17
    at Generator.next (<anonymous>)
    at fulfilled (F:\study_material\codes\__Mega_Project\02BackEnd\src\utils\cetQuestionSelector.ts:5:58)
    at processTicksAndRejections (node:internal/process/task_queues:105:5)
2025-02-06 02:20:53 [[31merror[39m]: Error: Unauthorized access
    at F:\study_material\codes\__Mega_Project\02BackEnd\src\middleware\auth.middleware.ts:23:23
    at Generator.next (<anonymous>)
    at F:\study_material\codes\__Mega_Project\02BackEnd\src\middleware\auth.middleware.ts:8:71
    at new Promise (<anonymous>)
    at __awaiter (F:\study_material\codes\__Mega_Project\02BackEnd\src\middleware\auth.middleware.ts:4:12)
    at F:\study_material\codes\__Mega_Project\02BackEnd\src\middleware\auth.middleware.ts:16:90
    at F:\study_material\codes\__Mega_Project\02BackEnd\src\utils\asyncHandler.ts:7:23
    at Generator.next (<anonymous>)
    at F:\study_material\codes\__Mega_Project\02BackEnd\src\utils\asyncHandler.ts:8:71
    at new Promise (<anonymous>)
2025-02-06 02:27:15 [[31merror[39m]: Error: Unauthorized access
    at F:\study_material\codes\__Mega_Project\02BackEnd\src\middleware\auth.middleware.ts:23:23
    at Generator.next (<anonymous>)
    at F:\study_material\codes\__Mega_Project\02BackEnd\src\middleware\auth.middleware.ts:8:71
    at new Promise (<anonymous>)
    at __awaiter (F:\study_material\codes\__Mega_Project\02BackEnd\src\middleware\auth.middleware.ts:4:12)
    at F:\study_material\codes\__Mega_Project\02BackEnd\src\middleware\auth.middleware.ts:16:90
    at F:\study_material\codes\__Mega_Project\02BackEnd\src\utils\asyncHandler.ts:7:23
    at Generator.next (<anonymous>)
    at F:\study_material\codes\__Mega_Project\02BackEnd\src\utils\asyncHandler.ts:8:71
    at new Promise (<anonymous>)
2025-02-06 02:28:12 [[31merror[39m]: Error: Unauthorized access
    at F:\study_material\codes\__Mega_Project\02BackEnd\src\middleware\auth.middleware.ts:23:23
    at Generator.next (<anonymous>)
    at F:\study_material\codes\__Mega_Project\02BackEnd\src\middleware\auth.middleware.ts:8:71
    at new Promise (<anonymous>)
    at __awaiter (F:\study_material\codes\__Mega_Project\02BackEnd\src\middleware\auth.middleware.ts:4:12)
    at F:\study_material\codes\__Mega_Project\02BackEnd\src\middleware\auth.middleware.ts:16:90
    at F:\study_material\codes\__Mega_Project\02BackEnd\src\utils\asyncHandler.ts:7:23
    at Generator.next (<anonymous>)
    at F:\study_material\codes\__Mega_Project\02BackEnd\src\utils\asyncHandler.ts:8:71
    at new Promise (<anonymous>)
2025-02-06 02:31:17 [[31merror[39m]: Error: Unauthorized access
    at F:\study_material\codes\__Mega_Project\02BackEnd\src\middleware\auth.middleware.ts:23:23
    at Generator.next (<anonymous>)
    at F:\study_material\codes\__Mega_Project\02BackEnd\src\middleware\auth.middleware.ts:8:71
    at new Promise (<anonymous>)
    at __awaiter (F:\study_material\codes\__Mega_Project\02BackEnd\src\middleware\auth.middleware.ts:4:12)
    at F:\study_material\codes\__Mega_Project\02BackEnd\src\middleware\auth.middleware.ts:16:90
    at F:\study_material\codes\__Mega_Project\02BackEnd\src\utils\asyncHandler.ts:7:23
    at Generator.next (<anonymous>)
    at F:\study_material\codes\__Mega_Project\02BackEnd\src\utils\asyncHandler.ts:8:71
    at new Promise (<anonymous>)
2025-02-26 10:51:58 [[33mwarn[39m]: User not found during login for email: 01atharvsankpal@gmail.com or urn: undefined
2025-02-26 10:52:41 [[31merror[39m]: Error: Unauthorized access
    at F:\study_material\codes\__Mega_Project\02BackEnd\src\middleware\auth.middleware.ts:23:23
    at Generator.next (<anonymous>)
    at F:\study_material\codes\__Mega_Project\02BackEnd\src\middleware\auth.middleware.ts:8:71
    at new Promise (<anonymous>)
    at __awaiter (F:\study_material\codes\__Mega_Project\02BackEnd\src\middleware\auth.middleware.ts:4:12)
    at F:\study_material\codes\__Mega_Project\02BackEnd\src\middleware\auth.middleware.ts:16:90
    at F:\study_material\codes\__Mega_Project\02BackEnd\src\utils\asyncHandler.ts:7:23
    at Generator.next (<anonymous>)
    at F:\study_material\codes\__Mega_Project\02BackEnd\src\utils\asyncHandler.ts:8:71
    at new Promise (<anonymous>)
2025-02-26 10:52:55 [[33mwarn[39m]: Incorrect password during login
2025-02-26 10:52:59 [[32minfo[39m]: User logged in successfully
2025-02-26 10:53:01 [[32minfo[39m]: User logged out successfully
2025-02-26 10:53:29 [[32minfo[39m]: User logged in successfully
2025-02-26 10:53:35 [[32minfo[39m]: User logged out successfully
2025-02-26 10:58:18 [[33mwarn[39m]: User not found during login for email: 01atharvsankpal@gmail.com or urn: undefined
2025-02-26 10:58:51 [[32minfo[39m]: User registered successfully
2025-02-26 10:59:01 [[32minfo[39m]: User logged in successfully
2025-02-26 11:02:03 [[32minfo[39m]: User logged out successfully
2025-02-26 11:04:01 [[32minfo[39m]: User registered successfully
2025-02-26 11:07:46 [[32minfo[39m]: User registered successfully
2025-02-26 11:08:47 [[32minfo[39m]: User registered successfully
2025-02-26 11:14:25 [[32minfo[39m]: User registered successfully
2025-02-26 11:15:52 [[32minfo[39m]: User registered successfully
2025-02-26 11:20:29 [[33mwarn[39m]: Validation errors during registration
2025-02-26 11:21:41 [[32minfo[39m]: User logged in successfully
2025-02-26 11:22:12 [[32minfo[39m]: User registered successfully
2025-02-26 11:22:23 [[33mwarn[39m]: Insufficient questions for topic solid state
2025-02-26 11:22:23 [[31merror[39m]: Error: Insufficient questions for topic solid state
    at F:\study_material\codes\__Mega_Project\02BackEnd\src\utils\cetQuestionSelector.ts:48:17
    at Generator.next (<anonymous>)
    at fulfilled (F:\study_material\codes\__Mega_Project\02BackEnd\src\utils\cetQuestionSelector.ts:5:58)
    at processTicksAndRejections (node:internal/process/task_queues:105:5)
2025-02-26 11:25:56 [[33mwarn[39m]: Validation errors during login
2025-02-26 11:26:18 [[33mwarn[39m]: Validation errors during login
2025-02-26 11:27:02 [[33mwarn[39m]: Validation errors during login
2025-02-26 11:27:22 [[33mwarn[39m]: Validation errors during registration
2025-02-26 11:27:56 [[33mwarn[39m]: Validation errors during registration
2025-02-26 11:29:44 [[33mwarn[39m]: Validation errors during registration
2025-02-26 11:30:00 [[33mwarn[39m]: Validation errors during registration
2025-02-26 11:30:41 [[33mwarn[39m]: Validation errors during registration
2025-02-26 11:32:59 [[33mwarn[39m]: Validation errors during registration
2025-02-26 11:35:30 [[33mwarn[39m]: Validation errors during registration
2025-02-26 11:35:36 [[33mwarn[39m]: Validation errors during registration
2025-02-26 11:36:16 [[33mwarn[39m]: Validation errors during registration
2025-02-26 11:36:48 [[33mwarn[39m]: User with email or URN already exists
2025-02-26 11:36:57 [[32minfo[39m]: User registered successfully
2025-02-26 11:40:48 [[32minfo[39m]: User registered successfully
2025-02-26 11:41:01 [[32minfo[39m]: User logged out successfully
2025-02-26 11:43:41 [[32minfo[39m]: User registered successfully
2025-02-26 11:44:44 [[32minfo[39m]: User logged out successfully
2025-02-26 11:45:00 [[32minfo[39m]: User registered successfully
2025-02-26 11:46:21 [[32minfo[39m]: User logged out successfully
2025-02-26 11:46:29 [[32minfo[39m]: User logged in successfully
2025-02-26 11:46:39 [[32minfo[39m]: User logged out successfully
2025-02-26 11:46:57 [[32minfo[39m]: User registered successfully
2025-02-26 11:46:58 [[32minfo[39m]: User logged out successfully
2025-02-26 17:24:31 [[32minfo[39m]: User registered successfully
2025-02-26 17:30:39 [[32minfo[39m]: User logged out successfully
2025-02-27 10:40:58 [[31merror[39m]: Error: Unauthorized access
    at F:\study_material\codes\__Mega_Project\02BackEnd\src\middleware\auth.middleware.ts:22:23
    at Generator.next (<anonymous>)
    at F:\study_material\codes\__Mega_Project\02BackEnd\src\middleware\auth.middleware.ts:8:71
    at new Promise (<anonymous>)
    at __awaiter (F:\study_material\codes\__Mega_Project\02BackEnd\src\middleware\auth.middleware.ts:4:12)
    at F:\study_material\codes\__Mega_Project\02BackEnd\src\middleware\auth.middleware.ts:16:90
    at F:\study_material\codes\__Mega_Project\02BackEnd\src\utils\asyncHandler.ts:7:23
    at Generator.next (<anonymous>)
    at F:\study_material\codes\__Mega_Project\02BackEnd\src\utils\asyncHandler.ts:8:71
    at new Promise (<anonymous>)
2025-02-27 10:41:04 [[32minfo[39m]: User logged in successfully
2025-02-27 10:41:07 [[31merror[39m]: ZodError: [
  {
    "code": "invalid_type",
    "expected": "number",
    "received": "nan",
    "path": [
      "answer"
    ],
    "message": "Expected number, received nan"
  },
  {
    "code": "invalid_type",
    "expected": "string",
    "received": "undefined",
    "path": [
      "topics"
    ],
    "message": "Required"
  },
  {
    "code": "invalid_type",
    "expected": "number",
    "received": "undefined",
    "path": [
      "standard"
    ],
    "message": "Required"
  }
]
    at Object.get error [as error] (F:\study_material\codes\__Mega_Project\02BackEnd\node_modules\.pnpm\zod@3.24.1\node_modules\zod\lib\types.js:55:31)
    at ZodObject.parse (F:\study_material\codes\__Mega_Project\02BackEnd\node_modules\.pnpm\zod@3.24.1\node_modules\zod\lib\types.js:131:22)
    at F:\study_material\codes\__Mega_Project\02BackEnd\src\utils\excelProcessor.ts:24:43
    at Generator.next (<anonymous>)
    at F:\study_material\codes\__Mega_Project\02BackEnd\src\utils\excelProcessor.ts:8:71
    at new Promise (<anonymous>)
    at __awaiter (F:\study_material\codes\__Mega_Project\02BackEnd\src\utils\excelProcessor.ts:4:12)
    at processExcelData (F:\study_material\codes\__Mega_Project\02BackEnd\src\utils\excelProcessor.ts:22:12)
    at F:\study_material\codes\__Mega_Project\02BackEnd\src\controllers\question.controller.ts:25:58
    at Generator.next (<anonymous>)
2025-02-27 10:41:23 [[31merror[39m]: Invalid topic in Excel row 2: reproductive structures
2025-02-27 10:42:12 [[32minfo[39m]: 79 questions saved successfully, firstId : 67bff42cc4f38762a3c1344f, lastId : 67bff42cc4f38762a3c1349d
2025-02-27 10:48:10 [[31merror[39m]: Invalid topic in Excel row 2: evolution
2025-02-27 10:59:11 [[31merror[39m]: Error: Unauthorized access
    at F:\study_material\codes\__Mega_Project\02BackEnd\src\middleware\auth.middleware.ts:22:23
    at Generator.next (<anonymous>)
    at F:\study_material\codes\__Mega_Project\02BackEnd\src\middleware\auth.middleware.ts:8:71
    at new Promise (<anonymous>)
    at __awaiter (F:\study_material\codes\__Mega_Project\02BackEnd\src\middleware\auth.middleware.ts:4:12)
    at F:\study_material\codes\__Mega_Project\02BackEnd\src\middleware\auth.middleware.ts:16:90
    at F:\study_material\codes\__Mega_Project\02BackEnd\src\utils\asyncHandler.ts:7:23
    at Generator.next (<anonymous>)
    at F:\study_material\codes\__Mega_Project\02BackEnd\src\utils\asyncHandler.ts:8:71
    at new Promise (<anonymous>)
2025-02-27 10:59:23 [[33mwarn[39m]: Incorrect password during login
2025-02-27 10:59:26 [[32minfo[39m]: User logged in successfully
2025-02-27 10:59:34 [[31merror[39m]: Error: Unauthorized access
    at F:\study_material\codes\__Mega_Project\02BackEnd\src\middleware\auth.middleware.ts:22:23
    at Generator.next (<anonymous>)
    at F:\study_material\codes\__Mega_Project\02BackEnd\src\middleware\auth.middleware.ts:8:71
    at new Promise (<anonymous>)
    at __awaiter (F:\study_material\codes\__Mega_Project\02BackEnd\src\middleware\auth.middleware.ts:4:12)
    at F:\study_material\codes\__Mega_Project\02BackEnd\src\middleware\auth.middleware.ts:16:90
    at F:\study_material\codes\__Mega_Project\02BackEnd\src\utils\asyncHandler.ts:7:23
    at Generator.next (<anonymous>)
    at F:\study_material\codes\__Mega_Project\02BackEnd\src\utils\asyncHandler.ts:8:71
    at new Promise (<anonymous>)
2025-02-27 11:00:09 [[32minfo[39m]: User logged out successfully
2025-02-27 11:00:39 [[32minfo[39m]: 79 questions saved successfully, firstId : 67bff87f9d720ad368c150c6, lastId : 67bff87f9d720ad368c15114
2025-02-27 11:04:26 [[31merror[39m]: Error: Unauthorized access
    at F:\study_material\codes\__Mega_Project\02BackEnd\src\middleware\auth.middleware.ts:23:23
    at Generator.next (<anonymous>)
    at F:\study_material\codes\__Mega_Project\02BackEnd\src\middleware\auth.middleware.ts:8:71
    at new Promise (<anonymous>)
    at __awaiter (F:\study_material\codes\__Mega_Project\02BackEnd\src\middleware\auth.middleware.ts:4:12)
    at F:\study_material\codes\__Mega_Project\02BackEnd\src\middleware\auth.middleware.ts:16:90
    at F:\study_material\codes\__Mega_Project\02BackEnd\src\utils\asyncHandler.ts:7:23
    at Generator.next (<anonymous>)
    at F:\study_material\codes\__Mega_Project\02BackEnd\src\utils\asyncHandler.ts:8:71
    at new Promise (<anonymous>)
2025-02-27 11:04:47 [[32minfo[39m]: User logged in successfully
2025-02-27 11:04:56 [[31merror[39m]: Error: Unauthorized access
    at F:\study_material\codes\__Mega_Project\02BackEnd\src\middleware\auth.middleware.ts:23:23
    at Generator.next (<anonymous>)
    at F:\study_material\codes\__Mega_Project\02BackEnd\src\middleware\auth.middleware.ts:8:71
    at new Promise (<anonymous>)
    at __awaiter (F:\study_material\codes\__Mega_Project\02BackEnd\src\middleware\auth.middleware.ts:4:12)
    at F:\study_material\codes\__Mega_Project\02BackEnd\src\middleware\auth.middleware.ts:16:90
    at F:\study_material\codes\__Mega_Project\02BackEnd\src\utils\asyncHandler.ts:7:23
    at Generator.next (<anonymous>)
    at F:\study_material\codes\__Mega_Project\02BackEnd\src\utils\asyncHandler.ts:8:71
    at new Promise (<anonymous>)
2025-02-27 11:07:24 [[32minfo[39m]: 79 questions saved successfully, firstId : 67bffa140897b0d200b03b1e, lastId : 67bffa140897b0d200b03b6c
2025-02-27 11:12:37 [[32minfo[39m]: 79 questions saved successfully, firstId : 67bffb4da3282d6c711f7054, lastId : 67bffb4da3282d6c711f70a2
2025-02-27 11:20:34 [[31merror[39m]: Error: Unauthorized access
    at F:\study_material\codes\__Mega_Project\02BackEnd\src\middleware\auth.middleware.ts:22:23
    at Generator.next (<anonymous>)
    at F:\study_material\codes\__Mega_Project\02BackEnd\src\middleware\auth.middleware.ts:8:71
    at new Promise (<anonymous>)
    at __awaiter (F:\study_material\codes\__Mega_Project\02BackEnd\src\middleware\auth.middleware.ts:4:12)
    at F:\study_material\codes\__Mega_Project\02BackEnd\src\middleware\auth.middleware.ts:16:90
    at F:\study_material\codes\__Mega_Project\02BackEnd\src\utils\asyncHandler.ts:7:23
    at Generator.next (<anonymous>)
    at F:\study_material\codes\__Mega_Project\02BackEnd\src\utils\asyncHandler.ts:8:71
    at new Promise (<anonymous>)
2025-02-27 11:20:41 [[32minfo[39m]: User logged in successfully
2025-02-27 11:20:44 [[33mwarn[39m]: Insufficient questions for topic solid state
2025-02-27 11:20:44 [[31merror[39m]: Error: Insufficient questions for topic solid state
    at F:\study_material\codes\__Mega_Project\02BackEnd\src\utils\cetQuestionSelector.ts:48:17
    at Generator.next (<anonymous>)
    at fulfilled (F:\study_material\codes\__Mega_Project\02BackEnd\src\utils\cetQuestionSelector.ts:5:58)
    at processTicksAndRejections (node:internal/process/task_queues:105:5)
2025-02-27 11:42:55 [[31merror[39m]: Error: Unauthorized access
    at F:\study_material\codes\__Mega_Project\02BackEnd\src\middleware\auth.middleware.ts:22:23
    at Generator.next (<anonymous>)
    at F:\study_material\codes\__Mega_Project\02BackEnd\src\middleware\auth.middleware.ts:8:71
    at new Promise (<anonymous>)
    at __awaiter (F:\study_material\codes\__Mega_Project\02BackEnd\src\middleware\auth.middleware.ts:4:12)
    at F:\study_material\codes\__Mega_Project\02BackEnd\src\middleware\auth.middleware.ts:16:90
    at F:\study_material\codes\__Mega_Project\02BackEnd\src\utils\asyncHandler.ts:7:23
    at Generator.next (<anonymous>)
    at F:\study_material\codes\__Mega_Project\02BackEnd\src\utils\asyncHandler.ts:8:71
    at new Promise (<anonymous>)
2025-02-27 11:42:57 [[31merror[39m]: Error: Unauthorized access
    at F:\study_material\codes\__Mega_Project\02BackEnd\src\middleware\auth.middleware.ts:22:23
    at Generator.next (<anonymous>)
    at F:\study_material\codes\__Mega_Project\02BackEnd\src\middleware\auth.middleware.ts:8:71
    at new Promise (<anonymous>)
    at __awaiter (F:\study_material\codes\__Mega_Project\02BackEnd\src\middleware\auth.middleware.ts:4:12)
    at F:\study_material\codes\__Mega_Project\02BackEnd\src\middleware\auth.middleware.ts:16:90
    at F:\study_material\codes\__Mega_Project\02BackEnd\src\utils\asyncHandler.ts:7:23
    at Generator.next (<anonymous>)
    at F:\study_material\codes\__Mega_Project\02BackEnd\src\utils\asyncHandler.ts:8:71
    at new Promise (<anonymous>)
2025-02-27 11:42:58 [[31merror[39m]: Error: Unauthorized access
    at F:\study_material\codes\__Mega_Project\02BackEnd\src\middleware\auth.middleware.ts:22:23
    at Generator.next (<anonymous>)
    at F:\study_material\codes\__Mega_Project\02BackEnd\src\middleware\auth.middleware.ts:8:71
    at new Promise (<anonymous>)
    at __awaiter (F:\study_material\codes\__Mega_Project\02BackEnd\src\middleware\auth.middleware.ts:4:12)
    at F:\study_material\codes\__Mega_Project\02BackEnd\src\middleware\auth.middleware.ts:16:90
    at F:\study_material\codes\__Mega_Project\02BackEnd\src\utils\asyncHandler.ts:7:23
    at Generator.next (<anonymous>)
    at F:\study_material\codes\__Mega_Project\02BackEnd\src\utils\asyncHandler.ts:8:71
    at new Promise (<anonymous>)
2025-02-27 11:42:58 [[31merror[39m]: Error: Unauthorized access
    at F:\study_material\codes\__Mega_Project\02BackEnd\src\middleware\auth.middleware.ts:22:23
    at Generator.next (<anonymous>)
    at F:\study_material\codes\__Mega_Project\02BackEnd\src\middleware\auth.middleware.ts:8:71
    at new Promise (<anonymous>)
    at __awaiter (F:\study_material\codes\__Mega_Project\02BackEnd\src\middleware\auth.middleware.ts:4:12)
    at F:\study_material\codes\__Mega_Project\02BackEnd\src\middleware\auth.middleware.ts:16:90
    at F:\study_material\codes\__Mega_Project\02BackEnd\src\utils\asyncHandler.ts:7:23
    at Generator.next (<anonymous>)
    at F:\study_material\codes\__Mega_Project\02BackEnd\src\utils\asyncHandler.ts:8:71
    at new Promise (<anonymous>)
2025-02-27 11:46:47 [[31merror[39m]: Error: Unauthorized access
    at F:\study_material\codes\__Mega_Project\02BackEnd\src\middleware\auth.middleware.ts:22:23
    at Generator.next (<anonymous>)
    at F:\study_material\codes\__Mega_Project\02BackEnd\src\middleware\auth.middleware.ts:8:71
    at new Promise (<anonymous>)
    at __awaiter (F:\study_material\codes\__Mega_Project\02BackEnd\src\middleware\auth.middleware.ts:4:12)
    at F:\study_material\codes\__Mega_Project\02BackEnd\src\middleware\auth.middleware.ts:16:90
    at F:\study_material\codes\__Mega_Project\02BackEnd\src\utils\asyncHandler.ts:7:23
    at Generator.next (<anonymous>)
    at F:\study_material\codes\__Mega_Project\02BackEnd\src\utils\asyncHandler.ts:8:71
    at new Promise (<anonymous>)
2025-02-27 12:51:59 [[31merror[39m]: Error: Unauthorized access
    at F:\study_material\codes\__Mega_Project\02BackEnd\src\middleware\auth.middleware.ts:22:23
    at Generator.next (<anonymous>)
    at F:\study_material\codes\__Mega_Project\02BackEnd\src\middleware\auth.middleware.ts:8:71
    at new Promise (<anonymous>)
    at __awaiter (F:\study_material\codes\__Mega_Project\02BackEnd\src\middleware\auth.middleware.ts:4:12)
    at F:\study_material\codes\__Mega_Project\02BackEnd\src\middleware\auth.middleware.ts:16:90
    at F:\study_material\codes\__Mega_Project\02BackEnd\src\utils\asyncHandler.ts:7:23
    at Generator.next (<anonymous>)
    at F:\study_material\codes\__Mega_Project\02BackEnd\src\utils\asyncHandler.ts:8:71
    at new Promise (<anonymous>)
2025-02-27 12:52:15 [[31merror[39m]: Error: Unauthorized access
    at F:\study_material\codes\__Mega_Project\02BackEnd\src\middleware\auth.middleware.ts:22:23
    at Generator.next (<anonymous>)
    at F:\study_material\codes\__Mega_Project\02BackEnd\src\middleware\auth.middleware.ts:8:71
    at new Promise (<anonymous>)
    at __awaiter (F:\study_material\codes\__Mega_Project\02BackEnd\src\middleware\auth.middleware.ts:4:12)
    at F:\study_material\codes\__Mega_Project\02BackEnd\src\middleware\auth.middleware.ts:16:90
    at F:\study_material\codes\__Mega_Project\02BackEnd\src\utils\asyncHandler.ts:7:23
    at Generator.next (<anonymous>)
    at F:\study_material\codes\__Mega_Project\02BackEnd\src\utils\asyncHandler.ts:8:71
    at new Promise (<anonymous>)
2025-02-27 12:55:57 [[31merror[39m]: Error: Unauthorized access
    at F:\study_material\codes\__Mega_Project\02BackEnd\src\middleware\auth.middleware.ts:22:23
    at Generator.next (<anonymous>)
    at F:\study_material\codes\__Mega_Project\02BackEnd\src\middleware\auth.middleware.ts:8:71
    at new Promise (<anonymous>)
    at __awaiter (F:\study_material\codes\__Mega_Project\02BackEnd\src\middleware\auth.middleware.ts:4:12)
    at F:\study_material\codes\__Mega_Project\02BackEnd\src\middleware\auth.middleware.ts:16:90
    at F:\study_material\codes\__Mega_Project\02BackEnd\src\utils\asyncHandler.ts:7:23
    at Generator.next (<anonymous>)
    at F:\study_material\codes\__Mega_Project\02BackEnd\src\utils\asyncHandler.ts:8:71
    at new Promise (<anonymous>)
2025-02-27 13:28:06 [[31merror[39m]: Error: Unauthorized access
    at F:\study_material\codes\__Mega_Project\02BackEnd\src\middleware\auth.middleware.ts:22:23
    at Generator.next (<anonymous>)
    at F:\study_material\codes\__Mega_Project\02BackEnd\src\middleware\auth.middleware.ts:8:71
    at new Promise (<anonymous>)
    at __awaiter (F:\study_material\codes\__Mega_Project\02BackEnd\src\middleware\auth.middleware.ts:4:12)
    at F:\study_material\codes\__Mega_Project\02BackEnd\src\middleware\auth.middleware.ts:16:90
    at F:\study_material\codes\__Mega_Project\02BackEnd\src\utils\asyncHandler.ts:7:23
    at Generator.next (<anonymous>)
    at F:\study_material\codes\__Mega_Project\02BackEnd\src\utils\asyncHandler.ts:8:71
    at new Promise (<anonymous>)
2025-02-27 16:12:03 [[31merror[39m]: Error: Unauthorized access
    at F:\study_material\codes\__Mega_Project\02BackEnd\src\middleware\auth.middleware.ts:22:23
    at Generator.next (<anonymous>)
    at F:\study_material\codes\__Mega_Project\02BackEnd\src\middleware\auth.middleware.ts:8:71
    at new Promise (<anonymous>)
    at __awaiter (F:\study_material\codes\__Mega_Project\02BackEnd\src\middleware\auth.middleware.ts:4:12)
    at F:\study_material\codes\__Mega_Project\02BackEnd\src\middleware\auth.middleware.ts:16:90
    at F:\study_material\codes\__Mega_Project\02BackEnd\src\utils\asyncHandler.ts:7:23
    at Generator.next (<anonymous>)
    at F:\study_material\codes\__Mega_Project\02BackEnd\src\utils\asyncHandler.ts:8:71
    at new Promise (<anonymous>)
2025-02-27 16:13:07 [[33mwarn[39m]: User with email or URN already exists
2025-02-27 16:13:27 [[33mwarn[39m]: User with email or URN already exists
2025-02-27 16:13:37 [[32minfo[39m]: User registered successfully
2025-02-27 18:44:56 [[31merror[39m]: Error: Unauthorized access
    at F:\study_material\codes\__Mega_Project\02BackEnd\src\middleware\auth.middleware.ts:22:23
    at Generator.next (<anonymous>)
    at F:\study_material\codes\__Mega_Project\02BackEnd\src\middleware\auth.middleware.ts:8:71
    at new Promise (<anonymous>)
    at __awaiter (F:\study_material\codes\__Mega_Project\02BackEnd\src\middleware\auth.middleware.ts:4:12)
    at F:\study_material\codes\__Mega_Project\02BackEnd\src\middleware\auth.middleware.ts:16:90
    at F:\study_material\codes\__Mega_Project\02BackEnd\src\utils\asyncHandler.ts:7:23
    at Generator.next (<anonymous>)
    at F:\study_material\codes\__Mega_Project\02BackEnd\src\utils\asyncHandler.ts:8:71
    at new Promise (<anonymous>)
2025-02-27 18:48:38 [[31merror[39m]: Error: Unauthorized access
    at F:\study_material\codes\__Mega_Project\02BackEnd\src\middleware\auth.middleware.ts:22:23
    at Generator.next (<anonymous>)
    at F:\study_material\codes\__Mega_Project\02BackEnd\src\middleware\auth.middleware.ts:8:71
    at new Promise (<anonymous>)
    at __awaiter (F:\study_material\codes\__Mega_Project\02BackEnd\src\middleware\auth.middleware.ts:4:12)
    at F:\study_material\codes\__Mega_Project\02BackEnd\src\middleware\auth.middleware.ts:16:90
    at F:\study_material\codes\__Mega_Project\02BackEnd\src\utils\asyncHandler.ts:7:23
    at Generator.next (<anonymous>)
    at F:\study_material\codes\__Mega_Project\02BackEnd\src\utils\asyncHandler.ts:8:71
    at new Promise (<anonymous>)
2025-02-27 18:51:10 [[33mwarn[39m]: Validation errors during login
2025-02-27 18:55:26 [[33mwarn[39m]: Validation errors during login
2025-02-27 18:55:54 [[33mwarn[39m]: User not found during login for email: undefined or urn: 13213246546
2025-02-27 18:56:48 [[33mwarn[39m]: User not found during login for email: undefined or urn: 12345623
2025-02-27 18:59:18 [[33mwarn[39m]: User not found during login for email: undefined or urn: 12345623
2025-02-27 18:59:19 [[33mwarn[39m]: User not found during login for email: undefined or urn: 12345623
2025-02-27 18:59:20 [[33mwarn[39m]: User not found during login for email: undefined or urn: 12345623
2025-02-27 18:59:20 [[33mwarn[39m]: User not found during login for email: undefined or urn: 12345623
2025-02-27 18:59:20 [[33mwarn[39m]: User not found during login for email: undefined or urn: 12345623
2025-02-27 18:59:20 [[33mwarn[39m]: User not found during login for email: undefined or urn: 12345623
2025-02-27 18:59:21 [[33mwarn[39m]: User not found during login for email: undefined or urn: 12345623
2025-02-27 18:59:21 [[33mwarn[39m]: User not found during login for email: undefined or urn: 12345623
2025-02-27 18:59:30 [[33mwarn[39m]: User not found during login for email: undefined or urn: 12345623
2025-02-27 18:59:31 [[33mwarn[39m]: User not found during login for email: undefined or urn: 12345623
2025-02-27 18:59:31 [[33mwarn[39m]: User not found during login for email: undefined or urn: 12345623
2025-02-27 18:59:31 [[33mwarn[39m]: User not found during login for email: undefined or urn: 12345623
2025-02-27 18:59:31 [[33mwarn[39m]: User not found during login for email: undefined or urn: 12345623
2025-02-27 18:59:39 [[33mwarn[39m]: User not found during login for email: undefined or urn: 12345623
2025-02-27 18:59:54 [[33mwarn[39m]: User not found during login for email: undefined or urn: 12345623
2025-02-27 19:01:12 [[33mwarn[39m]: Invalid URN format
2025-02-27 19:01:21 [[33mwarn[39m]: Invalid URN format
2025-02-27 19:01:32 [[33mwarn[39m]: User not found during login for email: undefined or urn: 123456789
2025-02-27 19:01:42 [[33mwarn[39m]: Validation errors during login
2025-02-27 19:01:44 [[33mwarn[39m]: Validation errors during login
2025-02-27 19:03:58 [[33mwarn[39m]: User not found during login for email: undefined or urn: 123456789
2025-02-27 19:04:07 [[33mwarn[39m]: User not found during login for email: asdfasdfasdf@gmail.com or urn: undefined
2025-02-27 19:07:19 [[33mwarn[39m]: User not found during login for email: asdfasdfasdf@gmail.com or urn: undefined
2025-02-27 19:07:27 [[33mwarn[39m]: Incorrect password during login
2025-02-27 19:07:33 [[33mwarn[39m]: Incorrect password during login
2025-02-27 19:07:36 [[33mwarn[39m]: Incorrect password during login
2025-02-27 19:08:07 [[33mwarn[39m]: User not found during login for email: undefined or urn: 123456789
2025-02-27 19:08:16 [[32minfo[39m]: User logged in successfully
2025-02-27 19:08:21 [[32minfo[39m]: User logged out successfully
2025-02-27 19:08:27 [[32minfo[39m]: User logged in successfully
2025-02-27 19:08:29 [[32minfo[39m]: User logged out successfully
2025-02-27 19:08:44 [[32minfo[39m]: User registered successfully
2025-02-27 19:08:46 [[32minfo[39m]: User logged out successfully
2025-02-27 19:15:30 [[31merror[39m]: Error: Unauthorized access
    at F:\study_material\codes\__Mega_Project\02BackEnd\src\middleware\auth.middleware.ts:22:23
    at Generator.next (<anonymous>)
    at F:\study_material\codes\__Mega_Project\02BackEnd\src\middleware\auth.middleware.ts:8:71
    at new Promise (<anonymous>)
    at __awaiter (F:\study_material\codes\__Mega_Project\02BackEnd\src\middleware\auth.middleware.ts:4:12)
    at F:\study_material\codes\__Mega_Project\02BackEnd\src\middleware\auth.middleware.ts:16:90
    at F:\study_material\codes\__Mega_Project\02BackEnd\src\utils\asyncHandler.ts:7:23
    at Generator.next (<anonymous>)
    at F:\study_material\codes\__Mega_Project\02BackEnd\src\utils\asyncHandler.ts:8:71
    at new Promise (<anonymous>)
2025-02-27 19:17:17 [[31merror[39m]: Error: Unauthorized access
    at F:\study_material\codes\__Mega_Project\02BackEnd\src\middleware\auth.middleware.ts:22:23
    at Generator.next (<anonymous>)
    at F:\study_material\codes\__Mega_Project\02BackEnd\src\middleware\auth.middleware.ts:8:71
    at new Promise (<anonymous>)
    at __awaiter (F:\study_material\codes\__Mega_Project\02BackEnd\src\middleware\auth.middleware.ts:4:12)
    at F:\study_material\codes\__Mega_Project\02BackEnd\src\middleware\auth.middleware.ts:16:90
    at F:\study_material\codes\__Mega_Project\02BackEnd\src\utils\asyncHandler.ts:7:23
    at Generator.next (<anonymous>)
    at F:\study_material\codes\__Mega_Project\02BackEnd\src\utils\asyncHandler.ts:8:71
    at new Promise (<anonymous>)
2025-02-27 19:17:22 [[31merror[39m]: Error: Unauthorized access
    at F:\study_material\codes\__Mega_Project\02BackEnd\src\middleware\auth.middleware.ts:22:23
    at Generator.next (<anonymous>)
    at F:\study_material\codes\__Mega_Project\02BackEnd\src\middleware\auth.middleware.ts:8:71
    at new Promise (<anonymous>)
    at __awaiter (F:\study_material\codes\__Mega_Project\02BackEnd\src\middleware\auth.middleware.ts:4:12)
    at F:\study_material\codes\__Mega_Project\02BackEnd\src\middleware\auth.middleware.ts:16:90
    at F:\study_material\codes\__Mega_Project\02BackEnd\src\utils\asyncHandler.ts:7:23
    at Generator.next (<anonymous>)
    at F:\study_material\codes\__Mega_Project\02BackEnd\src\utils\asyncHandler.ts:8:71
    at new Promise (<anonymous>)
2025-02-27 19:17:38 [[31merror[39m]: Error: Unauthorized access
    at F:\study_material\codes\__Mega_Project\02BackEnd\src\middleware\auth.middleware.ts:22:23
    at Generator.next (<anonymous>)
    at F:\study_material\codes\__Mega_Project\02BackEnd\src\middleware\auth.middleware.ts:8:71
    at new Promise (<anonymous>)
    at __awaiter (F:\study_material\codes\__Mega_Project\02BackEnd\src\middleware\auth.middleware.ts:4:12)
    at F:\study_material\codes\__Mega_Project\02BackEnd\src\middleware\auth.middleware.ts:16:90
    at F:\study_material\codes\__Mega_Project\02BackEnd\src\utils\asyncHandler.ts:7:23
    at Generator.next (<anonymous>)
    at F:\study_material\codes\__Mega_Project\02BackEnd\src\utils\asyncHandler.ts:8:71
    at new Promise (<anonymous>)
2025-02-27 19:17:46 [[31merror[39m]: Error: Unauthorized access
    at F:\study_material\codes\__Mega_Project\02BackEnd\src\middleware\auth.middleware.ts:22:23
    at Generator.next (<anonymous>)
    at F:\study_material\codes\__Mega_Project\02BackEnd\src\middleware\auth.middleware.ts:8:71
    at new Promise (<anonymous>)
    at __awaiter (F:\study_material\codes\__Mega_Project\02BackEnd\src\middleware\auth.middleware.ts:4:12)
    at F:\study_material\codes\__Mega_Project\02BackEnd\src\middleware\auth.middleware.ts:16:90
    at F:\study_material\codes\__Mega_Project\02BackEnd\src\utils\asyncHandler.ts:7:23
    at Generator.next (<anonymous>)
    at F:\study_material\codes\__Mega_Project\02BackEnd\src\utils\asyncHandler.ts:8:71
    at new Promise (<anonymous>)
2025-02-27 19:17:50 [[31merror[39m]: Error: Unauthorized access
    at F:\study_material\codes\__Mega_Project\02BackEnd\src\middleware\auth.middleware.ts:22:23
    at Generator.next (<anonymous>)
    at F:\study_material\codes\__Mega_Project\02BackEnd\src\middleware\auth.middleware.ts:8:71
    at new Promise (<anonymous>)
    at __awaiter (F:\study_material\codes\__Mega_Project\02BackEnd\src\middleware\auth.middleware.ts:4:12)
    at F:\study_material\codes\__Mega_Project\02BackEnd\src\middleware\auth.middleware.ts:16:90
    at F:\study_material\codes\__Mega_Project\02BackEnd\src\utils\asyncHandler.ts:7:23
    at Generator.next (<anonymous>)
    at F:\study_material\codes\__Mega_Project\02BackEnd\src\utils\asyncHandler.ts:8:71
    at new Promise (<anonymous>)
2025-02-27 21:43:42 [[31merror[39m]: Error: Unauthorized access
    at F:\study_material\codes\__Mega_Project\02BackEnd\src\middleware\auth.middleware.ts:22:23
    at Generator.next (<anonymous>)
    at F:\study_material\codes\__Mega_Project\02BackEnd\src\middleware\auth.middleware.ts:8:71
    at new Promise (<anonymous>)
    at __awaiter (F:\study_material\codes\__Mega_Project\02BackEnd\src\middleware\auth.middleware.ts:4:12)
    at F:\study_material\codes\__Mega_Project\02BackEnd\src\middleware\auth.middleware.ts:16:90
    at F:\study_material\codes\__Mega_Project\02BackEnd\src\utils\asyncHandler.ts:7:23
    at Generator.next (<anonymous>)
    at F:\study_material\codes\__Mega_Project\02BackEnd\src\utils\asyncHandler.ts:8:71
    at new Promise (<anonymous>)
2025-02-27 21:43:48 [[32minfo[39m]: User logged in successfully
2025-02-27 21:43:52 [[33mwarn[39m]: User with email or URN already exists
2025-02-27 22:18:25 [[31merror[39m]: Error: Unauthorized access
    at F:\study_material\codes\__Mega_Project\02BackEnd\src\middleware\auth.middleware.ts:22:23
    at Generator.next (<anonymous>)
    at F:\study_material\codes\__Mega_Project\02BackEnd\src\middleware\auth.middleware.ts:8:71
    at new Promise (<anonymous>)
    at __awaiter (F:\study_material\codes\__Mega_Project\02BackEnd\src\middleware\auth.middleware.ts:4:12)
    at F:\study_material\codes\__Mega_Project\02BackEnd\src\middleware\auth.middleware.ts:16:90
    at F:\study_material\codes\__Mega_Project\02BackEnd\src\utils\asyncHandler.ts:7:23
    at Generator.next (<anonymous>)
    at F:\study_material\codes\__Mega_Project\02BackEnd\src\utils\asyncHandler.ts:8:71
    at new Promise (<anonymous>)
2025-02-27 22:18:30 [[32minfo[39m]: User logged in successfully
2025-02-27 22:50:15 [[31merror[39m]: Error: Unauthorized access
    at F:\study_material\codes\__Mega_Project\02BackEnd\src\middleware\auth.middleware.ts:22:23
    at Generator.next (<anonymous>)
    at F:\study_material\codes\__Mega_Project\02BackEnd\src\middleware\auth.middleware.ts:8:71
    at new Promise (<anonymous>)
    at __awaiter (F:\study_material\codes\__Mega_Project\02BackEnd\src\middleware\auth.middleware.ts:4:12)
    at F:\study_material\codes\__Mega_Project\02BackEnd\src\middleware\auth.middleware.ts:16:90
    at F:\study_material\codes\__Mega_Project\02BackEnd\src\utils\asyncHandler.ts:7:23
    at Generator.next (<anonymous>)
    at F:\study_material\codes\__Mega_Project\02BackEnd\src\utils\asyncHandler.ts:8:71
    at new Promise (<anonymous>)
2025-02-27 22:50:21 [[32minfo[39m]: User logged in successfully
2025-02-27 23:02:18 [[31merror[39m]: Error: Unauthorized access
    at F:\study_material\codes\__Mega_Project\02BackEnd\src\middleware\auth.middleware.ts:22:23
    at Generator.next (<anonymous>)
    at F:\study_material\codes\__Mega_Project\02BackEnd\src\middleware\auth.middleware.ts:8:71
    at new Promise (<anonymous>)
    at __awaiter (F:\study_material\codes\__Mega_Project\02BackEnd\src\middleware\auth.middleware.ts:4:12)
    at F:\study_material\codes\__Mega_Project\02BackEnd\src\middleware\auth.middleware.ts:16:90
    at F:\study_material\codes\__Mega_Project\02BackEnd\src\utils\asyncHandler.ts:7:23
    at Generator.next (<anonymous>)
    at F:\study_material\codes\__Mega_Project\02BackEnd\src\utils\asyncHandler.ts:8:71
    at new Promise (<anonymous>)
2025-02-27 23:15:25 [[31merror[39m]: Error: Unauthorized access
    at F:\study_material\codes\__Mega_Project\02BackEnd\src\middleware\auth.middleware.ts:22:23
    at Generator.next (<anonymous>)
    at F:\study_material\codes\__Mega_Project\02BackEnd\src\middleware\auth.middleware.ts:8:71
    at new Promise (<anonymous>)
    at __awaiter (F:\study_material\codes\__Mega_Project\02BackEnd\src\middleware\auth.middleware.ts:4:12)
    at F:\study_material\codes\__Mega_Project\02BackEnd\src\middleware\auth.middleware.ts:16:90
    at F:\study_material\codes\__Mega_Project\02BackEnd\src\utils\asyncHandler.ts:7:23
    at Generator.next (<anonymous>)
    at F:\study_material\codes\__Mega_Project\02BackEnd\src\utils\asyncHandler.ts:8:71
    at new Promise (<anonymous>)
2025-02-27 23:22:36 [[32minfo[39m]: User logged in successfully
2025-02-27 23:22:47 [[32minfo[39m]: User logged in successfully
